[debug] [2026-02-02T12:06:16.637Z] : 
[debug] [2026-02-02T12:06:16.638Z] : ----------------------------------------------------------------------
[debug] [2026-02-02T12:06:16.638Z] : Command:      /home/sree-zstk407/.nvm/versions/node/v24.12.0/bin/node /home/sree-zstk407/.nvm/versions/node/v24.12.0/bin/catalyst serve
[debug] [2026-02-02T12:06:16.638Z] : CLI Version:  1.23.0
[debug] [2026-02-02T12:06:16.638Z] : Platform:     linux
[debug] [2026-02-02T12:06:16.638Z] : Node Version: v24.12.0
[debug] [2026-02-02T12:06:16.638Z] : Time:         Mon Feb 02 2026 17:36:16 GMT+0530 (India Standard Time)
[debug] [2026-02-02T12:06:16.638Z] : ----------------------------------------------------------------------
[debug] [2026-02-02T12:06:16.638Z] : 
[debug] [2026-02-02T12:06:16.943Z] : > authorizing via signed-in user option
[debug] [2026-02-02T12:06:16.943Z] : > command requires scopes: ["ZohoCatalyst.projects.ALL","ZohoCatalyst.apigateway.apis.READ","ZohoCatalyst.apigateway.READ","ZohoCatalyst.segments.ALL","ZohoCatalyst.cache.READ","ZohoCatalyst.cache.CREATE","ZohoCatalyst.cache.DELETE","ZohoCatalyst.projects.ALL","ZohoCatalyst.cron.ALL","ZohoCatalyst.zcql.CREATE","ZohoCatalyst.projects.users.READ","ZohoCatalyst.projects.users.CREATE","ZohoCatalyst.projects.users.DELETE","ZohoCatalyst.projects.users.UPDATE","ZohoCatalyst.authentication.CREATE","ZohoCatalyst.email.CREATE","ZohoCatalyst.tables.ALL","ZohoCatalyst.tables.rows.ALL","ZohoCatalyst.tables.columns.ALL","ZohoCatalyst.tables.bulk.CREATE","ZohoCatalyst.tables.bulk.READ","ZohoCatalyst.folders.ALL","ZohoCatalyst.files.CREATE","ZohoCatalyst.files.READ","ZohoCatalyst.files.DELETE","ZohoCatalyst.functions.ALL","ZohoCatalyst.functions.EXECUTE","ZohoCatalyst.eventlistners.ALL","ZohoCatalyst.eventlisteners.produce","ZohoCatalyst.security.rules.Read","ZohoCatalyst.security.rules.Update","ZohoCatalyst.notifications.mobile","ZohoCatalyst.notifications.web","ZohoCatalyst.search.READ","ZohoCatalyst.mlkit.READ","QuickML.deployment.READ","ZohoCatalyst.pdfshot.execute","ZohoCatalyst.circuits.execution.DELETE","ZohoCatalyst.circuits.execution.READ","ZohoCatalyst.circuits.execute","ZohoCatalyst.appsail.Read","ZohoCatalyst.jobpool.READ","ZohoCatalyst.job.ALL","ZohoCatalyst.nosql.READ","ZohoCatalyst.nosql.rows.ALL"]
[debug] [2026-02-02T12:06:16.951Z] : >>>> HTTP REQUEST : GET https://api.catalyst.zoho.in/baas/v1/project/29281000000011438 

[debug] [2026-02-02T12:06:17.128Z] : <<<< HTTP RESPONSE : 200
Response Headers: {"server":"ZGS","date":"Mon, 02 Feb 2026 12:06:17 GMT","content-type":"application/vnd.catalyst.v2+json","transfer-encoding":"chunked","connection":"keep-alive","x-content-type-options":"nosniff","cache-control":"private,no-cache,no-store,max-age=0,must-revalidate","pragma":"no-cache","expires":"Thu, 01 Jan 1970 00:00:00 GMT","x-frame-options":"DENY","strict-transport-security":"max-age=64072000; includeSubDomains; preload"}

[debug] [2026-02-02T12:06:17.134Z] : >>>> HTTP REQUEST : GET https://api.catalyst.zoho.in/baas/v1/project/29281000000011438/environment 

[debug] [2026-02-02T12:06:17.199Z] : <<<< HTTP RESPONSE : 200
Response Headers: {"server":"ZGS","date":"Mon, 02 Feb 2026 12:06:17 GMT","content-type":"application/vnd.catalyst.v2+json","transfer-encoding":"chunked","connection":"keep-alive","x-content-type-options":"nosniff","cache-control":"private,no-cache,no-store,max-age=0,must-revalidate","pragma":"no-cache","expires":"Thu, 01 Jan 1970 00:00:00 GMT","x-frame-options":"DENY","strict-transport-security":"max-age=64072000; includeSubDomains; preload"}

[debug] [2026-02-02T12:06:17.242Z] : >>>> HTTP REQUEST : GET https://api.catalyst.zoho.in/baas/get-details 
Query params: {"feature_name":"runtime"}

[debug] [2026-02-02T12:06:17.307Z] : <<<< HTTP RESPONSE : 200
Response Headers: {"server":"ZGS","date":"Mon, 02 Feb 2026 12:06:17 GMT","content-type":"application/vnd.catalyst.v2+json","transfer-encoding":"chunked","connection":"keep-alive","x-content-type-options":"nosniff","cache-control":"private,no-cache,no-store,max-age=0,must-revalidate","pragma":"no-cache","expires":"Thu, 01 Jan 1970 00:00:00 GMT","x-frame-options":"DENY","strict-transport-security":"max-age=64072000; includeSubDomains; preload"}

[debug] [2026-02-02T12:06:17.309Z] : >>>> HTTP REQUEST : GET https://api.catalyst.zoho.in/baas/v1/project/29281000000011438/function 
Query params: {"type":"basicio,event,cron,applogic,integration,browser_logic,job"}

[debug] [2026-02-02T12:06:17.368Z] : <<<< HTTP RESPONSE : 200
Response Headers: {"server":"ZGS","date":"Mon, 02 Feb 2026 12:06:17 GMT","content-type":"application/vnd.catalyst.v2+json","transfer-encoding":"chunked","connection":"keep-alive","x-content-type-options":"nosniff","cache-control":"private,no-cache,no-store,max-age=0,must-revalidate","pragma":"no-cache","expires":"Thu, 01 Jan 1970 00:00:00 GMT","x-frame-options":"DENY","strict-transport-security":"max-age=64072000; includeSubDomains; preload"}

[debug] [2026-02-02T12:06:17.372Z] : unknown eol undefined hence skipping check
[debug] [2026-02-02T12:06:17.379Z] : unknown eol undefined hence skipping check
[debug] [2026-02-02T12:06:17.379Z] : unknown eol undefined hence skipping check
[debug] [2026-02-02T12:06:21.174Z] : http port : '4000' is not available. Hence port '4001' will be used instead.
[debug] [2026-02-02T12:06:21.175Z] : http port : '4000' is not available. Hence port '4002' will be used instead.
[debug] [2026-02-02T12:06:21.175Z] : http port : '4000' is not available. Hence port '4003' will be used instead.
[debug] [2026-02-02T12:06:21.431Z] : ruok response: 200: OK
[debug] [2026-02-02T12:06:21.432Z] : ruok response: 200: OK
[debug] [2026-02-02T12:06:21.433Z] : ruok response: 200: OK
[info] [2026-02-02T12:06:21.534Z] : Skipping API Gateway rules
[info] [2026-02-02T12:06:21.536Z] : 
[info] [2026-02-02T12:06:21.536Z] :  >>>>>>>>>>>>> Advanced I/O <<<<<<<<<<< 
[info] [2026-02-02T12:06:21.536Z] : ℹ school  : http://localhost:3000/server/school/
[info] [2026-02-02T12:06:21.536Z] : ℹ students: http://localhost:3000/server/students/
[info] [2026-02-02T12:06:21.536Z] : ℹ exams   : http://localhost:3000/server/exams/
[info] [2026-02-02T12:06:21.537Z] : 
[info] [2026-02-02T12:06:21.537Z] : 
[info] [2026-02-02T12:06:21.537Z] :  >>>>>>>>>>>>> Web Client <<<<<<<<<<<<
[info] [2026-02-02T12:06:21.537Z] : ℹ client[exam-management]: http://localhost:3000/app/
[info] [2026-02-02T12:06:21.537Z] : 
[info] [2026-02-02T12:06:21.635Z] : [1770033981635]  "GET"  "/"
[info] [2026-02-02T12:06:21.645Z] : [1770033981645]  "GET"  "/app/"
[info] [2026-02-02T12:06:21.669Z] : [1770033981669]  "GET"  "/app/.catalyst%2Freload-script.js"
[info] [2026-02-02T12:06:21.672Z] : [1770033981672]  "GET"  "/app/style/main.css"
[info] [2026-02-02T12:06:21.677Z] : [1770033981677]  "GET"  "/app/script/helper.js"
[info] [2026-02-02T12:06:21.679Z] : [1770033981679]  "GET"  "/app/script/main.js"
[info] [2026-02-02T12:06:31.773Z] : [1770033991772]  "GET"  "/app/views/auth.html?mode=login"
[info] [2026-02-02T12:06:31.789Z] : [1770033991789]  "GET"  "/app/views/.catalyst%2Freload-script.js"
[info] [2026-02-02T12:06:31.796Z] : [1770033991796]  "GET"  "/app/style/main.css"
[info] [2026-02-02T12:06:31.798Z] : [1770033991798]  "GET"  "/app/script/helper.js"
[info] [2026-02-02T12:06:31.799Z] : [1770033991799]  "GET"  "/app/script/main.js"
[info] [2026-02-02T12:06:38.907Z] : [1770033998907]  "POST"  "/server/school/login"
[info] [2026-02-02T12:06:38.910Z] : [1770033998910]  "POST"  "/server/school/login"
[info] [2026-02-02T12:06:39.389Z] : [1770033999389]  "GET"  "/app/views/mainPage.html"
[info] [2026-02-02T12:06:39.403Z] : [1770033999403]  "GET"  "/app/views/mainPage.html"
[info] [2026-02-02T12:06:39.421Z] : [1770033999421]  "GET"  "/app/views/.catalyst%2Freload-script.js"
[info] [2026-02-02T12:06:39.425Z] : [1770033999425]  "GET"  "/app/style/main.css"
[info] [2026-02-02T12:06:39.428Z] : [1770033999428]  "GET"  "/app/script/helper.js"
[info] [2026-02-02T12:06:39.430Z] : [1770033999429]  "GET"  "/app/script/main.js"
[info] [2026-02-02T12:06:39.431Z] : [1770033999431]  "GET"  "/app/script/homePage.js"
[info] [2026-02-02T12:06:44.127Z] : [1770034004127]  "GET"  "/server/exams/getAllExamDetails"
[info] [2026-02-02T12:06:45.344Z] : [1770034005343]  "GET"  "/app/style/main.css"
[info] [2026-02-02T12:06:45.363Z] : [1770034005363]  "GET"  "/.well-known/appspecific/com.chrome.devtools.json"
[info] [2026-02-02T12:08:49.817Z] : Change(s) is detected in script/homePage.js of the Web-Client.
[info] [2026-02-02T12:08:49.825Z] : [1770034129825]  "GET"  "/app/views/mainPage.html"
[info] [2026-02-02T12:08:49.851Z] : [1770034129851]  "GET"  "/app/views/.catalyst%2Freload-script.js"
[info] [2026-02-02T12:08:49.857Z] : [1770034129857]  "GET"  "/app/style/main.css"
[info] [2026-02-02T12:08:49.859Z] : [1770034129859]  "GET"  "/app/script/helper.js"
[info] [2026-02-02T12:08:49.860Z] : [1770034129860]  "GET"  "/app/script/main.js"
[info] [2026-02-02T12:08:49.862Z] : [1770034129862]  "GET"  "/app/script/homePage.js"
[info] [2026-02-02T12:08:49.868Z] : [1770034129868]  "GET"  "/.well-known/appspecific/com.chrome.devtools.json"
[info] [2026-02-02T12:08:57.012Z] : Change(s) is detected in script/homePage.js of the Web-Client.
[info] [2026-02-02T12:08:57.023Z] : [1770034137023]  "GET"  "/app/views/mainPage.html"
[info] [2026-02-02T12:08:57.044Z] : [1770034137043]  "GET"  "/.well-known/appspecific/com.chrome.devtools.json"
[info] [2026-02-02T12:08:57.046Z] : [1770034137046]  "GET"  "/app/views/.catalyst%2Freload-script.js"
[info] [2026-02-02T12:08:57.048Z] : [1770034137048]  "GET"  "/app/style/main.css"
[info] [2026-02-02T12:08:57.050Z] : [1770034137050]  "GET"  "/app/script/helper.js"
[info] [2026-02-02T12:08:57.052Z] : [1770034137052]  "GET"  "/app/script/main.js"
[info] [2026-02-02T12:08:57.055Z] : [1770034137054]  "GET"  "/app/script/homePage.js"
[info] [2026-02-02T12:09:00.718Z] : [1770034140718]  "GET"  "/server/exams/getAllExamDetails"
[info] [2026-02-02T12:10:41.970Z] : [1770034241970]  "GET"  "/app/views/mainPage.html"
[info] [2026-02-02T12:10:41.993Z] : [1770034241992]  "GET"  "/.well-known/appspecific/com.chrome.devtools.json"
[info] [2026-02-02T12:10:41.997Z] : [1770034241997]  "GET"  "/app/views/.catalyst%2Freload-script.js"
[info] [2026-02-02T12:10:41.999Z] : [1770034241999]  "GET"  "/app/style/main.css"
[info] [2026-02-02T12:10:42.002Z] : [1770034242002]  "GET"  "/app/script/helper.js"
[info] [2026-02-02T12:10:42.004Z] : [1770034242004]  "GET"  "/app/script/main.js"
[info] [2026-02-02T12:10:42.007Z] : [1770034242007]  "GET"  "/app/script/homePage.js"
[info] [2026-02-02T12:10:45.948Z] : [1770034245948]  "GET"  "/server/exams/getAllExamDetails"
[info] [2026-02-02T12:13:35.428Z] : 
change of main.py in exams detected. Preparing your function, please wait...
[debug] [2026-02-02T12:13:35.461Z] : Python child exit: 0, null
[debug] [2026-02-02T12:13:38.160Z] : ruok response: 200: OK
[info] [2026-02-02T12:13:38.261Z] : ℹ AdvancedIO[exams]: ready!
[info] [2026-02-02T12:13:38.261Z] : ℹ AdvancedIO[exams]: http://localhost:3000/server/exams/
[info] [2026-02-02T12:13:43.699Z] : 
change of main.py in exams detected. Preparing your function, please wait...
[debug] [2026-02-02T12:13:43.726Z] : Python child exit: 0, null
[debug] [2026-02-02T12:13:46.466Z] : ruok response: 200: OK
[info] [2026-02-02T12:13:46.567Z] : ℹ AdvancedIO[exams]: ready!
[info] [2026-02-02T12:13:46.568Z] : ℹ AdvancedIO[exams]: http://localhost:3000/server/exams/
[info] [2026-02-02T12:13:47.568Z] : 
change of main.py in exams detected. Preparing your function, please wait...
[debug] [2026-02-02T12:13:47.595Z] : Python child exit: 0, null
[debug] [2026-02-02T12:13:50.481Z] : ruok response: 200: OK
[info] [2026-02-02T12:13:50.581Z] : ℹ AdvancedIO[exams]: ready!
[info] [2026-02-02T12:13:50.581Z] : ℹ AdvancedIO[exams]: http://localhost:3000/server/exams/
[info] [2026-02-02T12:13:51.582Z] : 
change of main.py in exams detected. Preparing your function, please wait...
[debug] [2026-02-02T12:13:51.608Z] : Python child exit: 0, null
[debug] [2026-02-02T12:13:54.318Z] : ruok response: 200: OK
[info] [2026-02-02T12:13:54.419Z] : ℹ AdvancedIO[exams]: ready!
[info] [2026-02-02T12:13:54.419Z] : ℹ AdvancedIO[exams]: http://localhost:3000/server/exams/
[info] [2026-02-02T12:13:55.420Z] : 
change of main.py in exams detected. Preparing your function, please wait...
[debug] [2026-02-02T12:13:55.448Z] : Python child exit: 0, null
[debug] [2026-02-02T12:13:58.128Z] : ruok response: 200: OK
[info] [2026-02-02T12:13:58.229Z] : ℹ AdvancedIO[exams]: ready!
[info] [2026-02-02T12:13:58.229Z] : ℹ AdvancedIO[exams]: http://localhost:3000/server/exams/
[info] [2026-02-02T12:14:07.928Z] : 
change of main.py in exams detected. Preparing your function, please wait...
[debug] [2026-02-02T12:14:07.957Z] : Python child exit: 0, null
[debug] [2026-02-02T12:14:10.692Z] : ruok response: 200: OK
[info] [2026-02-02T12:14:10.794Z] : ℹ AdvancedIO[exams]: ready!
[info] [2026-02-02T12:14:10.794Z] : ℹ AdvancedIO[exams]: http://localhost:3000/server/exams/
[info] [2026-02-02T12:14:14.792Z] : 
change of main.py in exams detected. Preparing your function, please wait...
[debug] [2026-02-02T12:14:14.820Z] : Python child exit: 0, null
[debug] [2026-02-02T12:14:17.500Z] : ruok response: 200: OK
[info] [2026-02-02T12:14:17.601Z] : ℹ AdvancedIO[exams]: ready!
[info] [2026-02-02T12:14:17.602Z] : ℹ AdvancedIO[exams]: http://localhost:3000/server/exams/
[info] [2026-02-02T12:14:20.254Z] : [1770034460254]  "GET"  "/.well-known/appspecific/com.chrome.devtools.json"
[info] [2026-02-02T12:14:21.607Z] : [1770034461606]  "GET"  "/.well-known/appspecific/com.chrome.devtools.json"
[info] [2026-02-02T12:14:24.945Z] : [1770034464945]  "GET"  "/server/exams/getAllExamDetails"
[info] [2026-02-02T12:17:08.780Z] : Change(s) is detected in script/homePage.js of the Web-Client.
[info] [2026-02-02T12:17:08.793Z] : [1770034628792]  "GET"  "/app/views/mainPage.html"
[info] [2026-02-02T12:17:08.816Z] : [1770034628816]  "GET"  "/.well-known/appspecific/com.chrome.devtools.json"
[info] [2026-02-02T12:17:08.819Z] : [1770034628819]  "GET"  "/app/views/.catalyst%2Freload-script.js"
[info] [2026-02-02T12:17:08.825Z] : [1770034628825]  "GET"  "/app/style/main.css"
[info] [2026-02-02T12:17:08.827Z] : [1770034628827]  "GET"  "/app/script/helper.js"
[info] [2026-02-02T12:17:08.828Z] : [1770034628828]  "GET"  "/app/script/main.js"
[info] [2026-02-02T12:17:08.830Z] : [1770034628830]  "GET"  "/app/script/homePage.js"
[info] [2026-02-02T12:17:13.374Z] : [1770034633374]  "GET"  "/server/exams/getAllExamDetails"
